<?xml version="1.0" encoding="UTF-8"?>
<!-- Generated by org.testng.reporters.JUnitReportReporter -->
<testsuite skipped="0" hostname="DESKTOP-GJ6MLLF" name="com.cawi.tests.validLoginTest" tests="1" failures="0" timestamp="12 Jun 2019 06:18:24 GMT" time="25.597" errors="0">
  <testcase name="testValidLogin" time="25.597" classname="com.cawi.tests.validLoginTest"/>
</testsuite> <!-- com.cawi.tests.validLoginTest -->
