<?xml version="1.0" encoding="UTF-8"?>
<!-- Generated by org.testng.reporters.JUnitReportReporter -->
<testsuite skipped="1" hostname="DESKTOP-GJ6MLLF" name="com.cawi.tests.clientSerchTest" tests="1" failures="0" timestamp="11 Jun 2019 06:21:24 GMT" time="0.000" errors="0">
  <testcase name="testSerchEngine" time="0.000" classname="com.cawi.tests.clientSerchTest">
    <skipped/>
  </testcase> <!-- testSerchEngine -->
</testsuite> <!-- com.cawi.tests.clientSerchTest -->
